mode: count
github.com/eargollo/dupfinder/pkg/dupfile/duplicate.go:27.47,33.27 4 3
github.com/eargollo/dupfinder/pkg/dupfile/duplicate.go:33.27,35.3 1 3
github.com/eargollo/dupfinder/pkg/dupfile/duplicate.go:38.2,38.16 1 3
github.com/eargollo/dupfinder/pkg/dupfile/duplicate.go:41.33,43.23 2 0
github.com/eargollo/dupfinder/pkg/dupfile/duplicate.go:43.23,46.17 3 0
github.com/eargollo/dupfinder/pkg/dupfile/duplicate.go:46.17,48.4 1 0
github.com/eargollo/dupfinder/pkg/dupfile/duplicate.go:48.9,50.4 1 0
github.com/eargollo/dupfinder/pkg/dupfile/duplicate.go:53.2,55.31 2 0
github.com/eargollo/dupfinder/pkg/dupfile/duplicate.go:55.31,58.13 3 0
github.com/eargollo/dupfinder/pkg/dupfile/duplicate.go:58.13,61.4 2 0
github.com/eargollo/dupfinder/pkg/dupfile/duplicate.go:65.2,68.12 4 0
github.com/eargollo/dupfinder/pkg/dupfile/duplicate.go:68.12,71.7 3 0
github.com/eargollo/dupfinder/pkg/dupfile/duplicate.go:71.7,72.11 1 0
github.com/eargollo/dupfinder/pkg/dupfile/duplicate.go:73.16,75.24 2 0
github.com/eargollo/dupfinder/pkg/dupfile/duplicate.go:76.12,78.28 2 0
github.com/eargollo/dupfinder/pkg/dupfile/duplicate.go:78.28,81.6 2 0
github.com/eargollo/dupfinder/pkg/dupfile/duplicate.go:87.2,90.12 4 0
github.com/eargollo/dupfinder/pkg/dupfile/duplicate.go:90.12,94.7 4 0
github.com/eargollo/dupfinder/pkg/dupfile/duplicate.go:94.7,95.11 1 0
github.com/eargollo/dupfinder/pkg/dupfile/duplicate.go:96.20,98.11 2 0
github.com/eargollo/dupfinder/pkg/dupfile/duplicate.go:99.12,100.50 1 0
github.com/eargollo/dupfinder/pkg/dupfile/duplicate.go:100.50,108.21 7 0
github.com/eargollo/dupfinder/pkg/dupfile/duplicate.go:108.21,110.7 1 0
github.com/eargollo/dupfinder/pkg/dupfile/duplicate.go:110.12,112.7 1 0
github.com/eargollo/dupfinder/pkg/dupfile/duplicate.go:113.6,113.40 1 0
github.com/eargollo/dupfinder/pkg/dupfile/duplicate.go:119.2,129.27 8 0
github.com/eargollo/dupfinder/pkg/dupfile/duplicate.go:132.41,134.82 2 0
github.com/eargollo/dupfinder/pkg/dupfile/duplicate.go:134.82,135.17 1 0
github.com/eargollo/dupfinder/pkg/dupfile/duplicate.go:135.17,137.4 1 0
github.com/eargollo/dupfinder/pkg/dupfile/duplicate.go:138.3,138.19 1 0
github.com/eargollo/dupfinder/pkg/dupfile/duplicate.go:138.19,140.4 1 0
github.com/eargollo/dupfinder/pkg/dupfile/duplicate.go:142.3,144.13 2 0
github.com/eargollo/dupfinder/pkg/dupfile/duplicate.go:147.2,147.16 1 0
github.com/eargollo/dupfinder/pkg/dupfile/duplicate.go:147.16,149.3 1 0
github.com/eargollo/dupfinder/pkg/dupfile/duplicate.go:150.2,150.39 1 0
github.com/eargollo/dupfinder/pkg/dupfile/duplicate.go:153.33,160.2 4 0
github.com/eargollo/dupfinder/pkg/dupfile/duplicate.go:162.29,166.20 3 0
github.com/eargollo/dupfinder/pkg/dupfile/duplicate.go:166.20,168.3 1 0
github.com/eargollo/dupfinder/pkg/dupfile/duplicate.go:169.2,170.32 2 0
github.com/eargollo/dupfinder/pkg/dupfile/duplicate.go:173.52,177.17 3 0
github.com/eargollo/dupfinder/pkg/dupfile/duplicate.go:177.17,179.3 1 0
github.com/eargollo/dupfinder/pkg/dupfile/duplicate.go:182.2,183.9 2 0
github.com/eargollo/dupfinder/pkg/dupfile/duplicate.go:183.9,187.3 2 0
github.com/eargollo/dupfinder/pkg/dupfile/duplicate.go:190.2,191.16 2 0
github.com/eargollo/dupfinder/pkg/dupfile/duplicate.go:191.16,194.3 2 0
github.com/eargollo/dupfinder/pkg/dupfile/duplicate.go:196.2,196.28 1 0
github.com/eargollo/dupfinder/pkg/dupfile/duplicate.go:196.28,199.17 2 0
github.com/eargollo/dupfinder/pkg/dupfile/duplicate.go:199.17,201.12 2 0
github.com/eargollo/dupfinder/pkg/dupfile/duplicate.go:204.3,204.38 1 0
github.com/eargollo/dupfinder/pkg/dupfile/duplicate.go:204.38,210.11 4 0
github.com/eargollo/dupfinder/pkg/dupfile/duplicate.go:210.11,212.5 1 0
github.com/eargollo/dupfinder/pkg/dupfile/duplicate.go:212.10,215.5 2 0
github.com/eargollo/dupfinder/pkg/dupfile/duplicate.go:216.4,216.9 1 0
github.com/eargollo/dupfinder/pkg/dupfile/duplicate.go:220.2,223.13 3 0
github.com/eargollo/dupfinder/pkg/dupfile/duplicate.go:226.44,228.35 2 0
github.com/eargollo/dupfinder/pkg/dupfile/duplicate.go:228.35,229.43 1 0
github.com/eargollo/dupfinder/pkg/dupfile/duplicate.go:229.43,231.4 1 0
github.com/eargollo/dupfinder/pkg/dupfile/duplicate.go:232.3,232.27 1 0
github.com/eargollo/dupfinder/pkg/dupfile/duplicate.go:234.2,234.43 1 0
github.com/eargollo/dupfinder/pkg/dupfile/duplicate.go:234.43,236.3 1 0
github.com/eargollo/dupfinder/pkg/dupfile/duplicate.go:237.2,237.13 1 0
github.com/eargollo/dupfinder/pkg/dupfile/duplicate.go:240.35,242.14 2 0
github.com/eargollo/dupfinder/pkg/dupfile/duplicate.go:242.14,244.3 1 0
github.com/eargollo/dupfinder/pkg/dupfile/duplicate.go:245.2,246.42 2 0
github.com/eargollo/dupfinder/pkg/dupfile/duplicate.go:246.42,249.3 2 0
github.com/eargollo/dupfinder/pkg/dupfile/duplicate.go:250.2,251.42 1 0
github.com/eargollo/dupfinder/pkg/dupfile/file.go:16.32,18.2 1 0
github.com/eargollo/dupfinder/pkg/dupfile/file.go:20.54,21.22 1 0
github.com/eargollo/dupfinder/pkg/dupfile/file.go:21.22,23.19 1 0
github.com/eargollo/dupfinder/pkg/dupfile/file.go:23.19,25.18 2 0
github.com/eargollo/dupfinder/pkg/dupfile/file.go:25.18,28.5 2 0
github.com/eargollo/dupfinder/pkg/dupfile/file.go:32.3,33.17 2 0
github.com/eargollo/dupfinder/pkg/dupfile/file.go:33.17,35.4 1 0
github.com/eargollo/dupfinder/pkg/dupfile/file.go:36.3,39.42 3 0
github.com/eargollo/dupfinder/pkg/dupfile/file.go:39.42,41.4 1 0
github.com/eargollo/dupfinder/pkg/dupfile/file.go:42.3,44.19 2 0
github.com/eargollo/dupfinder/pkg/dupfile/file.go:44.19,46.4 1 0
github.com/eargollo/dupfinder/pkg/dupfile/file.go:49.2,49.20 1 0
github.com/eargollo/dupfinder/pkg/dupfile/md5cache.go:20.50,22.16 2 5
github.com/eargollo/dupfinder/pkg/dupfile/md5cache.go:22.16,25.3 1 1
github.com/eargollo/dupfinder/pkg/dupfile/md5cache.go:27.2,27.31 1 4
github.com/eargollo/dupfinder/pkg/dupfile/md5cache.go:30.28,32.2 1 3
github.com/eargollo/dupfinder/pkg/dupfile/md5cache.go:34.56,37.17 3 5
github.com/eargollo/dupfinder/pkg/dupfile/md5cache.go:37.17,39.3 1 2
github.com/eargollo/dupfinder/pkg/dupfile/md5cache.go:41.2,42.16 2 3
github.com/eargollo/dupfinder/pkg/dupfile/md5cache.go:42.16,44.3 1 0
github.com/eargollo/dupfinder/pkg/dupfile/md5cache.go:45.2,45.25 1 3
github.com/eargollo/dupfinder/pkg/dupfile/md5cache.go:45.25,48.3 2 1
github.com/eargollo/dupfinder/pkg/dupfile/md5cache.go:49.2,49.20 1 2
github.com/eargollo/dupfinder/pkg/dupfile/md5cache.go:52.36,56.2 3 14
github.com/eargollo/dupfinder/pkg/dupfile/md5cache.go:58.52,64.17 5 8
github.com/eargollo/dupfinder/pkg/dupfile/md5cache.go:64.17,66.14 2 46
github.com/eargollo/dupfinder/pkg/dupfile/md5cache.go:66.14,67.35 1 30
github.com/eargollo/dupfinder/pkg/dupfile/md5cache.go:67.35,68.39 1 38
github.com/eargollo/dupfinder/pkg/dupfile/md5cache.go:68.39,70.11 2 14
github.com/eargollo/dupfinder/pkg/dupfile/md5cache.go:73.9,75.4 1 16
github.com/eargollo/dupfinder/pkg/dupfile/md5cache.go:77.3,77.30 1 46
github.com/eargollo/dupfinder/pkg/dupfile/md5cache.go:80.2,80.13 1 8
github.com/eargollo/dupfinder/pkg/dupfile/md5cache.go:83.43,84.29 1 2
github.com/eargollo/dupfinder/pkg/dupfile/md5cache.go:84.29,87.18 3 3
github.com/eargollo/dupfinder/pkg/dupfile/md5cache.go:87.18,89.4 1 2
github.com/eargollo/dupfinder/pkg/dupfile/md5cache.go:93.35,95.2 1 0
github.com/eargollo/dupfinder/pkg/dupfile/options.go:5.44,6.24 1 2
github.com/eargollo/dupfinder/pkg/dupfile/options.go:6.24,8.3 1 2
github.com/eargollo/dupfinder/pkg/dupfile/options.go:11.41,12.24 1 1
github.com/eargollo/dupfinder/pkg/dupfile/options.go:12.24,14.3 1 1
github.com/eargollo/dupfinder/pkg/dupfile/priorityqueue.go:5.35,5.53 1 0
github.com/eargollo/dupfinder/pkg/dupfile/priorityqueue.go:7.45,10.2 1 0
github.com/eargollo/dupfinder/pkg/dupfile/priorityqueue.go:12.40,14.2 1 0
github.com/eargollo/dupfinder/pkg/dupfile/priorityqueue.go:16.38,19.2 2 0
github.com/eargollo/dupfinder/pkg/dupfile/priorityqueue.go:21.36,28.2 6 0
